2025-12-29 08:46:30.906[1766978190906] | INFO  | background-preinit | o.h.validator.internal.util.Version  - HV000001: Hibernate Validator 8.0.2.Final
2025-12-29 08:46:30.958[1766978190958] | INFO  | main       | m.c.I.IntelligentCryptoUserManagementApplication - Starting IntelligentCryptoUserManagementApplication using Java 24.0.1 with PID 44176 (C:\Users\DELL\Desktop\crypto\crypto_manager\Intelligent_Crypto_User_Management\target\classes started by DELL in C:\Users\DELL\Desktop\crypto\crypto_manager\Intelligent_Crypto_User_Management)
2025-12-29 08:46:30.959[1766978190959] | INFO  | main       | m.c.I.IntelligentCryptoUserManagementApplication - No active profile set, falling back to 1 default profile: "default"
2025-12-29 08:46:31.606[1766978191606] | INFO  | main       | o.s.d.r.c.RepositoryConfigurationDelegate - Bootstrapping Spring Data JPA repositories in DEFAULT mode.
2025-12-29 08:46:31.672[1766978191672] | INFO  | main       | o.s.d.r.c.RepositoryConfigurationDelegate - Finished Spring Data repository scanning in 58 ms. Found 4 JPA repository interfaces.
2025-12-29 08:46:32.171[1766978192171] | INFO  | main       | o.s.b.w.e.tomcat.TomcatWebServer     - Tomcat initialized with port 8081 (http)
2025-12-29 08:46:32.192[1766978192192] | INFO  | main       | o.a.coyote.http11.Http11NioProtocol  - Initializing ProtocolHandler ["http-nio-8081"]
2025-12-29 08:46:32.194[1766978192194] | INFO  | main       | o.a.catalina.core.StandardService    - Starting service [Tomcat]
2025-12-29 08:46:32.195[1766978192195] | INFO  | main       | o.a.catalina.core.StandardEngine     - Starting Servlet engine: [Apache Tomcat/10.1.43]
2025-12-29 08:46:32.246[1766978192246] | INFO  | main       | o.a.c.c.C.[Tomcat].[localhost].[/]   - Initializing Spring embedded WebApplicationContext
2025-12-29 08:46:32.247[1766978192247] | INFO  | main       | o.s.b.w.s.c.ServletWebServerApplicationContext - Root WebApplicationContext: initialization completed in 1240 ms
2025-12-29 08:46:32.356[1766978192356] | INFO  | main       | o.h.jpa.internal.util.LogHelper      - HHH000204: Processing PersistenceUnitInfo [name: default]
2025-12-29 08:46:32.403[1766978192403] | INFO  | main       | org.hibernate.Version                - HHH000412: Hibernate ORM core version 6.6.22.Final
2025-12-29 08:46:32.435[1766978192435] | INFO  | main       | o.h.c.i.RegionFactoryInitiator       - HHH000026: Second-level cache disabled
2025-12-29 08:46:32.683[1766978192683] | INFO  | main       | o.s.o.j.p.SpringPersistenceUnitInfo  - No LoadTimeWeaver setup: ignoring JPA class transformer
2025-12-29 08:46:32.710[1766978192710] | INFO  | main       | com.zaxxer.hikari.HikariDataSource   - HikariPool-1 - Starting...
2025-12-29 08:46:34.028[1766978194028] | INFO  | main       | com.zaxxer.hikari.pool.HikariPool    - HikariPool-1 - Added connection org.postgresql.jdbc.PgConnection@500ec769
2025-12-29 08:46:34.030[1766978194030] | INFO  | main       | com.zaxxer.hikari.HikariDataSource   - HikariPool-1 - Start completed.
2025-12-29 08:46:34.231[1766978194231] | WARN  | main       | org.hibernate.orm.deprecation        - HHH90000025: PostgreSQLDialect does not need to be specified explicitly using 'hibernate.dialect' (remove the property setting and it will be selected by default)
2025-12-29 08:46:34.497[1766978194497] | INFO  | main       | o.hibernate.orm.connections.pooling  - HHH10001005: Database info:
	Database JDBC URL [Connecting through datasource 'HikariDataSource (HikariPool-1)']
	Database driver: undefined/unknown
	Database version: 17.7
	Autocommit mode: undefined/unknown
	Isolation level: undefined/unknown
	Minimum pool size: undefined/unknown
	Maximum pool size: undefined/unknown
2025-12-29 08:46:35.282[1766978195282] | INFO  | main       | o.h.e.t.j.p.i.JtaPlatformInitiator   - HHH000489: No JTA platform available (set 'hibernate.transaction.jta.platform' to enable JTA platform integration)
2025-12-29 08:46:35.852[1766978195852] | INFO  | main       | o.s.o.j.LocalContainerEntityManagerFactoryBean - Initialized JPA EntityManagerFactory for persistence unit 'default'
2025-12-29 08:46:36.188[1766978196188] | INFO  | main       | o.s.s.c.a.a.c.InitializeUserDetailsBeanManagerConfigurer$InitializeUserDetailsManagerConfigurer - Global AuthenticationManager configured with UserDetailsService bean with name customUserDetailsService
2025-12-29 08:46:36.247[1766978196247] | INFO  | main       | m.c.I.config.BinanceConfig           - ✅ Binance Futures client initialized in LIVE mode
2025-12-29 08:46:36.284[1766978196284] | WARN  | main       | o.s.b.a.o.j.JpaBaseConfiguration$JpaWebConfiguration - spring.jpa.open-in-view is enabled by default. Therefore, database queries may be performed during view rendering. Explicitly configure spring.jpa.open-in-view to disable this warning
2025-12-29 08:46:36.694[1766978196694] | INFO  | main       | o.a.coyote.http11.Http11NioProtocol  - Starting ProtocolHandler ["http-nio-8081"]
2025-12-29 08:46:36.713[1766978196713] | INFO  | main       | o.s.b.w.e.tomcat.TomcatWebServer     - Tomcat started on port 8081 (http) with context path '/'
2025-12-29 08:46:36.720[1766978196720] | INFO  | main       | m.c.I.IntelligentCryptoUserManagementApplication - Started IntelligentCryptoUserManagementApplication in 6.157 seconds (process running for 6.759)
2025-12-29 08:47:27.204[1766978247204] | INFO  | http-nio-8081-exec-1 | o.a.c.c.C.[Tomcat].[localhost].[/]   - Initializing Spring DispatcherServlet 'dispatcherServlet'
2025-12-29 08:47:27.204[1766978247204] | INFO  | http-nio-8081-exec-1 | o.s.web.servlet.DispatcherServlet    - Initializing Servlet 'dispatcherServlet'
2025-12-29 08:47:27.205[1766978247205] | INFO  | http-nio-8081-exec-1 | o.s.web.servlet.DispatcherServlet    - Completed initialization in 0 ms
2025-12-29 08:47:27.319[1766978247319] | INFO  | http-nio-8081-exec-7 | m.c.I.c.TradeManagementConfigController - 💾 Saving trade management config: TradeManagementConfigRequest(userId=1, marginMode=CROSSED, maxLeverage=10, maxPositionSizePercent=1)
2025-12-29 08:47:27.592[1766978247592] | INFO  | http-nio-8081-exec-7 | m.c.I.c.TradeManagementConfigController - ✏️ Updating existing config for user: 1
2025-12-29 08:47:27.834[1766978247834] | INFO  | http-nio-8081-exec-7 | m.c.I.c.TradeManagementConfigController - ✅ Config saved successfully: ID=1
2025-12-29 08:47:34.269[1766978254269] | INFO  | http-nio-8081-exec-2 | m.c.I.c.TradeManagementConfigController - 📋 Getting trade management config for user: 1
2025-12-29 08:47:47.141[1766978267141] | INFO  | http-nio-8081-exec-3 | m.c.I.c.TradeManagementConfigController - 📋 Getting trade management config for user: 1
2025-12-29 08:47:49.434[1766978269434] | INFO  | http-nio-8081-exec-4 | m.c.I.c.TradeManagementConfigController - 💾 Saving trade management config: TradeManagementConfigRequest(userId=1, marginMode=ISOLATED, maxLeverage=20, maxPositionSizePercent=10)
2025-12-29 08:47:49.691[1766978269691] | INFO  | http-nio-8081-exec-4 | m.c.I.c.TradeManagementConfigController - ✏️ Updating existing config for user: 1
2025-12-29 08:47:49.856[1766978269856] | INFO  | http-nio-8081-exec-4 | m.c.I.c.TradeManagementConfigController - ✅ Config saved successfully: ID=1
2025-12-29 09:23:46.987[1766980426987] | WARN  | HikariPool-1:housekeeper | com.zaxxer.hikari.pool.PoolBase      - HikariPool-1 - Failed to validate connection org.postgresql.jdbc.PgConnection@39125a55 (This connection has been closed.). Possibly consider using a shorter maxLifetime value.
2025-12-29 10:09:52.358[1766983192358] | WARN  | HikariPool-1:housekeeper | com.zaxxer.hikari.pool.HikariPool    - HikariPool-1 - Thread starvation or clock leap detected (housekeeper delta=17m17s323ms34µs).
2025-12-29 10:09:52.444[1766983192444] | WARN  | HikariPool-1:housekeeper | com.zaxxer.hikari.pool.PoolBase      - HikariPool-1 - Failed to validate connection org.postgresql.jdbc.PgConnection@33d5d901 (This connection has been closed.). Possibly consider using a shorter maxLifetime value.
2025-12-29 10:35:18.206[1766984718206] | INFO  | SpringApplicationShutdownHook | o.s.b.w.e.tomcat.GracefulShutdown    - Commencing graceful shutdown. Waiting for active requests to complete
2025-12-29 10:35:18.236[1766984718236] | INFO  | tomcat-shutdown | o.s.b.w.e.tomcat.GracefulShutdown    - Graceful shutdown complete
2025-12-29 10:35:18.244[1766984718244] | INFO  | SpringApplicationShutdownHook | o.s.o.j.LocalContainerEntityManagerFactoryBean - Closing JPA EntityManagerFactory for persistence unit 'default'
2025-12-29 10:35:18.250[1766984718250] | INFO  | SpringApplicationShutdownHook | com.zaxxer.hikari.HikariDataSource   - HikariPool-1 - Shutdown initiated...
2025-12-29 10:35:18.340[1766984718340] | INFO  | SpringApplicationShutdownHook | com.zaxxer.hikari.HikariDataSource   - HikariPool-1 - Shutdown completed.
